<?xml version="1.0" encoding="UTF-8"?>
<testsuite name="com.RdTools.HelloWorld.web.PostsApiControllerTest" tests="2" skipped="0" failures="0" errors="0" timestamp="2022-03-12T10:13:31" hostname="DESKTOP-GFIMA65" time="0.098">
  <properties/>
  <testcase name="Posts_등록된다" classname="com.RdTools.HelloWorld.web.PostsApiControllerTest" time="0.066"/>
  <testcase name="Posts_수정된다" classname="com.RdTools.HelloWorld.web.PostsApiControllerTest" time="0.031"/>
  <system-out><![CDATA[2022-03-12 19:13:31.906  INFO 11780 --- [    Test worker] .b.t.c.SpringBootTestContextBootstrapper : Neither @ContextConfiguration nor @ContextHierarchy found for test class [com.RdTools.HelloWorld.web.PostsApiControllerTest], using SpringBootContextLoader
2022-03-12 19:13:31.907  INFO 11780 --- [    Test worker] o.s.t.c.support.AbstractContextLoader    : Could not detect default resource locations for test class [com.RdTools.HelloWorld.web.PostsApiControllerTest]: no resource found for suffixes {-context.xml, Context.groovy}.
2022-03-12 19:13:31.907  INFO 11780 --- [    Test worker] t.c.s.AnnotationConfigContextLoaderUtils : Could not detect default configuration classes for test class [com.RdTools.HelloWorld.web.PostsApiControllerTest]: PostsApiControllerTest does not declare any static, non-private, non-final, nested classes annotated with @Configuration.
2022-03-12 19:13:31.909  INFO 11780 --- [    Test worker] .b.t.c.SpringBootTestContextBootstrapper : Found @SpringBootConfiguration com.RdTools.HelloWorld.Application for test class com.RdTools.HelloWorld.web.PostsApiControllerTest
2022-03-12 19:13:31.910  INFO 11780 --- [    Test worker] .b.t.c.SpringBootTestContextBootstrapper : Loaded default TestExecutionListener class names from location [META-INF/spring.factories]: [org.springframework.security.test.context.support.WithSecurityContextTestExecutionListener, org.springframework.security.test.context.support.ReactorContextTestExecutionListener, org.springframework.boot.test.autoconfigure.restdocs.RestDocsTestExecutionListener, org.springframework.boot.test.autoconfigure.web.client.MockRestServiceServerResetTestExecutionListener, org.springframework.boot.test.autoconfigure.web.servlet.MockMvcPrintOnlyOnFailureTestExecutionListener, org.springframework.boot.test.autoconfigure.web.servlet.WebDriverTestExecutionListener, org.springframework.boot.test.mock.mockito.MockitoTestExecutionListener, org.springframework.boot.test.mock.mockito.ResetMocksTestExecutionListener, org.springframework.test.context.web.ServletTestExecutionListener, org.springframework.test.context.support.DirtiesContextBeforeModesTestExecutionListener, org.springframework.test.context.support.DependencyInjectionTestExecutionListener, org.springframework.test.context.support.DirtiesContextTestExecutionListener, org.springframework.test.context.transaction.TransactionalTestExecutionListener, org.springframework.test.context.jdbc.SqlScriptsTestExecutionListener]
2022-03-12 19:13:31.911  INFO 11780 --- [    Test worker] .b.t.c.SpringBootTestContextBootstrapper : Using TestExecutionListeners: [org.springframework.test.context.web.ServletTestExecutionListener@2ee52793, org.springframework.test.context.support.DirtiesContextBeforeModesTestExecutionListener@48465794, org.springframework.boot.test.mock.mockito.MockitoTestExecutionListener@63aa7476, org.springframework.boot.test.autoconfigure.SpringBootDependencyInjectionTestExecutionListener@523b3f5f, org.springframework.test.context.support.DirtiesContextTestExecutionListener@55e54334, org.springframework.test.context.transaction.TransactionalTestExecutionListener@2f6554eb, org.springframework.test.context.jdbc.SqlScriptsTestExecutionListener@1fdc8cb5, org.springframework.security.test.context.support.WithSecurityContextTestExecutionListener@141689d6, org.springframework.security.test.context.support.ReactorContextTestExecutionListener@6b159483, org.springframework.boot.test.autoconfigure.restdocs.RestDocsTestExecutionListener@6e524706, org.springframework.boot.test.autoconfigure.web.client.MockRestServiceServerResetTestExecutionListener@1510d75d, org.springframework.boot.test.autoconfigure.web.servlet.MockMvcPrintOnlyOnFailureTestExecutionListener@35e8a410, org.springframework.boot.test.autoconfigure.web.servlet.WebDriverTestExecutionListener@721e9fa2, org.springframework.boot.test.mock.mockito.ResetMocksTestExecutionListener@e888c90]
2022-03-12 19:13:31.918  INFO 11780 --- [    Test worker] o.a.c.c.C.[Tomcat].[localhost].[/]       : Initializing Spring TestDispatcherServlet ''
2022-03-12 19:13:31.918  INFO 11780 --- [    Test worker] o.s.t.web.servlet.TestDispatcherServlet  : Initializing Servlet ''
2022-03-12 19:13:31.921  INFO 11780 --- [    Test worker] o.s.t.web.servlet.TestDispatcherServlet  : Completed initialization in 2 ms
Hibernate: insert into posts (create_date, modified_date, author, content, title) values (?, ?, ?, ?, ?)
Hibernate: select posts0_.id as id1_1_, posts0_.create_date as create_d2_1_, posts0_.modified_date as modified3_1_, posts0_.author as author4_1_, posts0_.content as content5_1_, posts0_.title as title6_1_ from posts posts0_
Hibernate: select posts0_.id as id1_1_, posts0_.create_date as create_d2_1_, posts0_.modified_date as modified3_1_, posts0_.author as author4_1_, posts0_.content as content5_1_, posts0_.title as title6_1_ from posts posts0_
Hibernate: delete from posts where id=?
2022-03-12 19:13:31.984  INFO 11780 --- [    Test worker] o.a.c.c.C.[Tomcat].[localhost].[/]       : Initializing Spring TestDispatcherServlet ''
2022-03-12 19:13:31.984  INFO 11780 --- [    Test worker] o.s.t.web.servlet.TestDispatcherServlet  : Initializing Servlet ''
2022-03-12 19:13:31.986  INFO 11780 --- [    Test worker] o.s.t.web.servlet.TestDispatcherServlet  : Completed initialization in 2 ms
Hibernate: insert into posts (create_date, modified_date, author, content, title) values (?, ?, ?, ?, ?)
Hibernate: select posts0_.id as id1_1_0_, posts0_.create_date as create_d2_1_0_, posts0_.modified_date as modified3_1_0_, posts0_.author as author4_1_0_, posts0_.content as content5_1_0_, posts0_.title as title6_1_0_ from posts posts0_ where posts0_.id=?
Hibernate: update posts set create_date=?, modified_date=?, author=?, content=?, title=? where id=?
Hibernate: select posts0_.id as id1_1_, posts0_.create_date as create_d2_1_, posts0_.modified_date as modified3_1_, posts0_.author as author4_1_, posts0_.content as content5_1_, posts0_.title as title6_1_ from posts posts0_
Hibernate: select posts0_.id as id1_1_, posts0_.create_date as create_d2_1_, posts0_.modified_date as modified3_1_, posts0_.author as author4_1_, posts0_.content as content5_1_, posts0_.title as title6_1_ from posts posts0_
Hibernate: delete from posts where id=?
]]></system-out>
  <system-err><![CDATA[]]></system-err>
</testsuite>
